0 info it worked if it ends with ok
1 verbose cli [ 'node', '/usr/local/bin/npm', 'install', '-g', 'stylus' ]
2 info using npm@1.1.36
3 info using node@v0.8.2
4 verbose config file /Users/laura/.npmrc
5 verbose config file /usr/local/etc/npmrc
6 verbose config file /usr/local/lib/node_modules/npm/npmrc
7 verbose read json /usr/local/lib/package.json
8 verbose read json /usr/local/lib/package.json
9 verbose cache add [ 'stylus', null ]
10 silly cache add name=undefined spec="stylus" args=["stylus",null]
11 verbose parsed url { pathname: 'stylus', path: 'stylus', href: 'stylus' }
12 silly lockFile 27c0f414-stylus stylus
13 verbose lock stylus /Users/laura/.npm/27c0f414-stylus.lock
14 silly lockFile 27c0f414-stylus stylus
15 verbose addNamed [ 'stylus', '' ]
16 verbose addNamed [ null, '' ]
17 silly lockFile 5140332e-stylus stylus@
18 verbose lock stylus@ /Users/laura/.npm/5140332e-stylus.lock
19 silly addNameRange { name: 'stylus', range: '', hasData: false }
20 verbose url raw stylus
21 verbose url resolving [ 'https://registry.npmjs.org/', './stylus' ]
22 verbose url resolved https://registry.npmjs.org/stylus
23 info retry registry request attempt 1 at 12:06:57
24 verbose etag "4RFI7VFKWHCL1LK90ZCPGXJDW"
25 http GET https://registry.npmjs.org/stylus
26 http 304 https://registry.npmjs.org/stylus
27 silly registry.get cb [ 304,
27 silly registry.get   { server: 'CouchDB/1.3.0 (Erlang OTP/R15B03)',
27 silly registry.get     etag: '"4RFI7VFKWHCL1LK90ZCPGXJDW"',
27 silly registry.get     date: 'Fri, 17 May 2013 17:07:01 GMT',
27 silly registry.get     'content-length': '0' } ]
28 verbose etag stylus from cache
29 silly addNameRange number 2 { name: 'stylus', range: '', hasData: true }
30 silly addNameRange versions [ 'stylus',
30 silly addNameRange   [ '0.0.1',
30 silly addNameRange     '0.0.2',
30 silly addNameRange     '0.1.0',
30 silly addNameRange     '0.2.0',
30 silly addNameRange     '0.2.1',
30 silly addNameRange     '0.3.0',
30 silly addNameRange     '0.3.1',
30 silly addNameRange     '0.4.0',
30 silly addNameRange     '0.4.1',
30 silly addNameRange     '0.5.0',
30 silly addNameRange     '0.5.1',
30 silly addNameRange     '0.5.2',
30 silly addNameRange     '0.5.3',
30 silly addNameRange     '0.6.0',
30 silly addNameRange     '0.6.2',
30 silly addNameRange     '0.6.3',
30 silly addNameRange     '0.6.4',
30 silly addNameRange     '0.6.5',
30 silly addNameRange     '0.6.6',
30 silly addNameRange     '0.6.7',
30 silly addNameRange     '0.7.0',
30 silly addNameRange     '0.7.1',
30 silly addNameRange     '0.7.2',
30 silly addNameRange     '0.7.3',
30 silly addNameRange     '0.7.4',
30 silly addNameRange     '0.8.0',
30 silly addNameRange     '0.9.0',
30 silly addNameRange     '0.9.1',
30 silly addNameRange     '0.9.2',
30 silly addNameRange     '0.10.0',
30 silly addNameRange     '0.11.0',
30 silly addNameRange     '0.11.1',
30 silly addNameRange     '0.11.2',
30 silly addNameRange     '0.11.3',
30 silly addNameRange     '0.11.4',
30 silly addNameRange     '0.11.5',
30 silly addNameRange     '0.11.6',
30 silly addNameRange     '0.11.7',
30 silly addNameRange     '0.11.8',
30 silly addNameRange     '0.11.9',
30 silly addNameRange     '0.11.10',
30 silly addNameRange     '0.11.11',
30 silly addNameRange     '0.11.12',
30 silly addNameRange     '0.12.0',
30 silly addNameRange     '0.12.1',
30 silly addNameRange     '0.12.2',
30 silly addNameRange     '0.12.3',
30 silly addNameRange     '0.12.4',
30 silly addNameRange     '0.13.0',
30 silly addNameRange     '0.13.1',
30 silly addNameRange     '0.13.2',
30 silly addNameRange     '0.13.3',
30 silly addNameRange     '0.13.4',
30 silly addNameRange     '0.13.5',
30 silly addNameRange     '0.13.6',
30 silly addNameRange     '0.13.7',
30 silly addNameRange     '0.13.8',
30 silly addNameRange     '0.13.9',
30 silly addNameRange     '0.14.0',
30 silly addNameRange     '0.15.0',
30 silly addNameRange     '0.15.1',
30 silly addNameRange     '0.15.2',
30 silly addNameRange     '0.15.3',
30 silly addNameRange     '0.15.4',
30 silly addNameRange     '0.16.0',
30 silly addNameRange     '0.17.0',
30 silly addNameRange     '0.18.0',
30 silly addNameRange     '0.19.0',
30 silly addNameRange     '0.19.1',
30 silly addNameRange     '0.19.2',
30 silly addNameRange     '0.19.3',
30 silly addNameRange     '0.19.4',
30 silly addNameRange     '0.19.5',
30 silly addNameRange     '0.19.6',
30 silly addNameRange     '0.19.7',
30 silly addNameRange     '0.19.8',
30 silly addNameRange     '0.20.0',
30 silly addNameRange     '0.20.1',
30 silly addNameRange     '0.21.0',
30 silly addNameRange     '0.21.1',
30 silly addNameRange     '0.21.2',
30 silly addNameRange     '0.22.0',
30 silly addNameRange     '0.22.1',
30 silly addNameRange     '0.22.2',
30 silly addNameRange     '0.22.3',
30 silly addNameRange     '0.22.4',
30 silly addNameRange     '0.22.5',
30 silly addNameRange     '0.22.6',
30 silly addNameRange     '0.23.0',
30 silly addNameRange     '0.24.0',
30 silly addNameRange     '0.25.0',
30 silly addNameRange     '0.26.0',
30 silly addNameRange     '0.26.1',
30 silly addNameRange     '0.27.0',
30 silly addNameRange     '0.27.1',
30 silly addNameRange     '0.27.2',
30 silly addNameRange     '0.28.0',
30 silly addNameRange     '0.28.1',
30 silly addNameRange     '0.28.2',
30 silly addNameRange     '0.29.0',
30 silly addNameRange     '0.30.0',
30 silly addNameRange     '0.30.1',
30 silly addNameRange     '0.31.0',
30 silly addNameRange     '0.32.0',
30 silly addNameRange     '0.32.1' ] ]
31 verbose addNamed [ 'stylus', '0.32.1' ]
32 verbose addNamed [ '0.32.1', '0.32.1' ]
33 silly lockFile 2a6865b9-stylus-0-32-1 stylus@0.32.1
34 verbose lock stylus@0.32.1 /Users/laura/.npm/2a6865b9-stylus-0-32-1.lock
35 verbose read json /Users/laura/.npm/stylus/0.32.1/package/package.json
36 silly lockFile 2a6865b9-stylus-0-32-1 stylus@0.32.1
37 silly lockFile 5140332e-stylus stylus@
38 silly resolved [ { name: 'stylus',
38 silly resolved     description: 'Robust, expressive, and feature-rich CSS superset',
38 silly resolved     version: '0.32.1',
38 silly resolved     author: { name: 'TJ Holowaychuk', email: 'tj@vision-media.ca' },
38 silly resolved     keywords: [ 'css', 'parser', 'style', 'stylesheets', 'jade', 'language' ],
38 silly resolved     repository: { type: 'git', url: 'git://github.com/learnboost/stylus' },
38 silly resolved     main: './index.js',
38 silly resolved     engines: { node: '*' },
38 silly resolved     bin: { stylus: './bin/stylus' },
38 silly resolved     scripts: { prepublish: 'npm prune', test: 'make test' },
38 silly resolved     dependencies: { cssom: '0.2.x', mkdirp: '0.3.x', debug: '*' },
38 silly resolved     devDependencies: { should: '*', mocha: '*' },
38 silly resolved     _id: 'stylus@0.32.1',
38 silly resolved     _from: 'stylus' } ]
39 info install stylus@0.32.1 into /usr/local/lib
40 info installOne stylus@0.32.1
41 verbose from cache /Users/laura/.npm/stylus/0.32.1/package/package.json
42 info /usr/local/lib/node_modules/stylus unbuild
43 verbose read json /usr/local/lib/node_modules/stylus/package.json
44 verbose tar unpack /Users/laura/.npm/stylus/0.32.1/package.tgz
45 silly lockFile c3eec871-sr-local-lib-node-modules-stylus /usr/local/lib/node_modules/stylus
46 verbose lock /usr/local/lib/node_modules/stylus /Users/laura/.npm/c3eec871-sr-local-lib-node-modules-stylus.lock
47 silly gunzTarPerm modes [ '755', '644' ]
48 error Error: EACCES, mkdir '/usr/local/lib/node_modules/stylus'
48 error  { [Error: EACCES, mkdir '/usr/local/lib/node_modules/stylus']
48 error   errno: 3,
48 error   code: 'EACCES',
48 error   path: '/usr/local/lib/node_modules/stylus',
48 error   fstream_type: 'Directory',
48 error   fstream_path: '/usr/local/lib/node_modules/stylus',
48 error   fstream_class: 'DirWriter',
48 error   fstream_stack:
48 error    [ 'DirWriter._create (/usr/local/lib/node_modules/npm/node_modules/fstream/lib/dir-writer.js:36:23)',
48 error      '/usr/local/lib/node_modules/npm/node_modules/mkdirp/index.js:51:17',
48 error      'Object.oncomplete (fs.js:297:15)' ] }
49 error Please try running this command again as root/Administrator.
50 error System Darwin 11.4.2
51 error command "node" "/usr/local/bin/npm" "install" "-g" "stylus"
52 error cwd /Users/laura/Sites/civichackday
53 error node -v v0.8.2
54 error npm -v 1.1.36
55 error path /usr/local/lib/node_modules/stylus
56 error fstream_path /usr/local/lib/node_modules/stylus
57 error fstream_type Directory
58 error fstream_class DirWriter
59 error code EACCES
60 error message EACCES, mkdir '/usr/local/lib/node_modules/stylus'
61 error errno 3
62 error fstream_stack DirWriter._create (/usr/local/lib/node_modules/npm/node_modules/fstream/lib/dir-writer.js:36:23)
62 error fstream_stack /usr/local/lib/node_modules/npm/node_modules/mkdirp/index.js:51:17
62 error fstream_stack Object.oncomplete (fs.js:297:15)
63 error 3 errno
64 verbose exit [ 3, true ]
